  lapi.c
h:\lua\lua53\lua-5.3.6\src\lapi.c(398): warning C4244: “return”: 从“lua_Unsigned”转换到“size_t”，可能丢失数据
  lauxlib.c
  lbaselib.c
  lbitlib.c
  lcode.c
  lcorolib.c
  lctype.c
  ldblib.c
  ldebug.c
  ldo.c
  ldump.c
  lfunc.c
  lgc.c
  linit.c
  liolib.c
  llex.c
  lmathlib.c
  lmem.c
  loadlib.c
  lobject.c
  正在生成代码...
  正在编译...
  lopcodes.c
  loslib.c
  lparser.c
  lstate.c
  lstring.c
  lstrlib.c
  ltable.c
  ltablib.c
  ltm.c
  lundump.c
  lutf8lib.c
  lvm.c
  lzio.c
  正在生成代码...
  Lua536.cpp
  Lua536.vcxproj -> H:\Lua\lua53\Lua536\Debug\Lua536.exe
